生成启动时间为 2015/10/9 10:57:54。
     1>项目“E:\C_PROJECT\mfc_com\mfc_com-2015-1-28\mfc_com\mfc_com\mfc_com\mfc_com.vcxproj”在节点 2 上(build 个目标)。
     1>InitializeBuildStatus:
         正在创建“Debug\mfc_com.unsuccessfulbuild”，因为已指定“AlwaysCreate”。
       ClCompile:
         所有输出均为最新。
         E:\Program Files\Microsoft Visual Studio 10.0\VC\bin\CL.exe /c /ZI /nologo /W3 /WX- /Od /Oy- /D WIN32 /D _WINDOWS /D _DEBUG /D _MBCS /D _AFXDLL /Gm /EHsc /RTC1 /MDd /GS /fp:precise /Zc:wchar_t /Zc:forScope /Yu"StdAfx.h" /Fp"Debug\mfc_com.pch" /Fo"Debug\\" /Fd"Debug\vc100.pdb" /Gd /TP /analyze- /errorReport:prompt CommTest.cpp
         CommTest.cpp
     1>e:\opencv\build\include\opencv2\flann\logger.h(66): warning C4996: 'fopen': This function or variable may be unsafe. Consider using fopen_s instead. To disable deprecation, use _CRT_SECURE_NO_WARNINGS. See online help for details.
                 e:\program files\microsoft visual studio 10.0\vc\include\stdio.h(234) : 参见“fopen”的声明
     1>e:\c_project\mfc_com\mfc_com-2015-1-28\mfc_com\mfc_com\mfc_com\commtest.cpp(269): warning C4996: 'fopen': This function or variable may be unsafe. Consider using fopen_s instead. To disable deprecation, use _CRT_SECURE_NO_WARNINGS. See online help for details.
                 e:\program files\microsoft visual studio 10.0\vc\include\stdio.h(234) : 参见“fopen”的声明
     1>e:\c_project\mfc_com\mfc_com-2015-1-28\mfc_com\mfc_com\mfc_com\commtest.cpp(119): warning C4101: “rxdataflagz”: 未引用的局部变量
     1>e:\c_project\mfc_com\mfc_com-2015-1-28\mfc_com\mfc_com\mfc_com\commtest.cpp(117): warning C4101: “rxdataflagx”: 未引用的局部变量
     1>e:\c_project\mfc_com\mfc_com-2015-1-28\mfc_com\mfc_com\mfc_com\commtest.cpp(118): warning C4101: “rxdataflagy”: 未引用的局部变量
     1>e:\c_project\mfc_com\mfc_com-2015-1-28\mfc_com\mfc_com\mfc_com\commtest.cpp(481): warning C4554: “|”: 检查运算符优先级可能存在的错误；使用圆括号阐明优先级
     1>e:\c_project\mfc_com\mfc_com-2015-1-28\mfc_com\mfc_com\mfc_com\commtest.cpp(481): warning C4554: “|”: 检查运算符优先级可能存在的错误；使用圆括号阐明优先级
       ResourceCompile:
         所有输出均为最新。
       ManifestResourceCompile:
         所有输出均为最新。
       Link:
         E:\Program Files\Microsoft Visual Studio 10.0\VC\bin\link.exe /ERRORREPORT:PROMPT /OUT:"E:\C_PROJECT\mfc_com\mfc_com-2015-1-28\mfc_com\mfc_com\Debug\mfc_com.exe" /INCREMENTAL /NOLOGO opengl32.lib glu32.lib glut32.lib opencv_calib3d243d.lib opencv_contrib243d.lib opencv_core243d.lib opencv_features2d243d.lib opencv_flann243d.lib opencv_gpu243d.lib opencv_highgui243d.lib opencv_imgproc243d.lib opencv_legacy243d.lib opencv_ml243d.lib opencv_objdetect243d.lib opencv_ts243d.lib opencv_video243d.lib /MANIFEST /ManifestFile:"Debug\mfc_com.exe.intermediate.manifest" /MANIFESTUAC:"level='asInvoker' uiAccess='false'" /DEBUG /PDB:"E:\C_PROJECT\mfc_com\mfc_com-2015-1-28\mfc_com\mfc_com\Debug\mfc_com.pdb" /SUBSYSTEM:WINDOWS /TLBID:1 /DYNAMICBASE /NXCOMPAT /IMPLIB:"E:\C_PROJECT\mfc_com\mfc_com-2015-1-28\mfc_com\mfc_com\Debug\mfc_com.lib" /MACHINE:X86 Debug\mfc_com.res
         Debug\mfc_com.exe.embed.manifest.res
         Debug\ClassView.obj
         Debug\CommTest.obj
         Debug\CvvImage.obj
         Debug\FileView.obj
         Debug\MainFrm.obj
         Debug\mfc_com.obj
         Debug\mfc_comDoc.obj
         Debug\mfc_comView.obj
         Debug\mscomm1.obj
         Debug\OpenGL.obj
         Debug\OutputWnd.obj
         Debug\PropertiesWnd.obj
         Debug\stdafx.obj
         Debug\ViewTree.obj
       Manifest:
         C:\Program Files\Microsoft SDKs\Windows\v7.0A\bin\mt.exe /nologo /verbose /out:"Debug\mfc_com.exe.embed.manifest" /manifest Debug\mfc_com.exe.intermediate.manifest "E:\Program Files\Microsoft Visual Studio 10.0\VC\Include\Manifest\dpiaware.manifest"
         所有输出均为最新。
       LinkEmbedManifest:
         所有输出均为最新。
         mfc_com.vcxproj -> E:\C_PROJECT\mfc_com\mfc_com-2015-1-28\mfc_com\mfc_com\Debug\mfc_com.exe
       FinalizeBuildStatus:
         正在删除文件“Debug\mfc_com.unsuccessfulbuild”。
         正在对“Debug\mfc_com.lastbuildstate”执行 Touch 任务。
     1>已完成生成项目“E:\C_PROJECT\mfc_com\mfc_com-2015-1-28\mfc_com\mfc_com\mfc_com\mfc_com.vcxproj”(build 个目标)的操作。

生成成功。

已用时间 00:00:04.24
