E:\C_PROJECT\MFC_COM\MFC_COM-2015-1-28\MFC_COM\MFC_COM\DEBUG\MFC_COM.EXE
E:\C_PROJECT\MFC_COM\MFC_COM-2015-1-28\MFC_COM\MFC_COM\DEBUG\MFC_COM.ILK
E:\C_PROJECT\MFC_COM\MFC_COM-2015-1-28\MFC_COM\MFC_COM\DEBUG\MFC_COM.PDB
E:\C_PROJECT\mfc_com\mfc_com-2015-1-28\mfc_com\mfc_com\mfc_com\Debug\cl.command.1.tlog
E:\C_PROJECT\mfc_com\mfc_com-2015-1-28\mfc_com\mfc_com\mfc_com\Debug\CL.read.1.tlog
E:\C_PROJECT\mfc_com\mfc_com-2015-1-28\mfc_com\mfc_com\mfc_com\Debug\CL.write.1.tlog
E:\C_PROJECT\MFC_COM\MFC_COM-2015-1-28\MFC_COM\MFC_COM\MFC_COM\DEBUG\CLASSVIEW.OBJ
E:\C_PROJECT\MFC_COM\MFC_COM-2015-1-28\MFC_COM\MFC_COM\MFC_COM\DEBUG\COMMTEST.OBJ
E:\C_PROJECT\MFC_COM\MFC_COM-2015-1-28\MFC_COM\MFC_COM\MFC_COM\DEBUG\CVVIMAGE.OBJ
E:\C_PROJECT\MFC_COM\MFC_COM-2015-1-28\MFC_COM\MFC_COM\MFC_COM\DEBUG\FILEVIEW.OBJ
E:\C_PROJECT\mfc_com\mfc_com-2015-1-28\mfc_com\mfc_com\mfc_com\Debug\link.command.1.tlog
E:\C_PROJECT\mfc_com\mfc_com-2015-1-28\mfc_com\mfc_com\mfc_com\Debug\link.read.1.tlog
E:\C_PROJECT\mfc_com\mfc_com-2015-1-28\mfc_com\mfc_com\mfc_com\Debug\link.write.1.tlog
E:\C_PROJECT\mfc_com\mfc_com-2015-1-28\mfc_com\mfc_com\mfc_com\Debug\link-cvtres.read.1.tlog
E:\C_PROJECT\mfc_com\mfc_com-2015-1-28\mfc_com\mfc_com\mfc_com\Debug\link-cvtres.write.1.tlog
E:\C_PROJECT\MFC_COM\MFC_COM-2015-1-28\MFC_COM\MFC_COM\MFC_COM\DEBUG\MAINFRM.OBJ
E:\C_PROJECT\MFC_COM\MFC_COM-2015-1-28\MFC_COM\MFC_COM\MFC_COM\DEBUG\MFC_COM.EXE.EMBED.MANIFEST
E:\C_PROJECT\MFC_COM\MFC_COM-2015-1-28\MFC_COM\MFC_COM\MFC_COM\DEBUG\MFC_COM.EXE.EMBED.MANIFEST.RES
E:\C_PROJECT\MFC_COM\MFC_COM-2015-1-28\MFC_COM\MFC_COM\MFC_COM\DEBUG\MFC_COM.EXE.INTERMEDIATE.MANIFEST
E:\C_PROJECT\MFC_COM\MFC_COM-2015-1-28\MFC_COM\MFC_COM\MFC_COM\DEBUG\MFC_COM.OBJ
E:\C_PROJECT\MFC_COM\MFC_COM-2015-1-28\MFC_COM\MFC_COM\MFC_COM\DEBUG\MFC_COM.PCH
E:\C_PROJECT\MFC_COM\MFC_COM-2015-1-28\MFC_COM\MFC_COM\MFC_COM\DEBUG\MFC_COM.RES
E:\C_PROJECT\mfc_com\mfc_com-2015-1-28\mfc_com\mfc_com\mfc_com\Debug\mfc_com.vcxprojResolveAssemblyReference.cache
E:\C_PROJECT\mfc_com\mfc_com-2015-1-28\mfc_com\mfc_com\mfc_com\Debug\mfc_com.write.1.tlog
E:\C_PROJECT\mfc_com\mfc_com-2015-1-28\mfc_com\mfc_com\mfc_com\Debug\mfc_com_manifest.rc
E:\C_PROJECT\MFC_COM\MFC_COM-2015-1-28\MFC_COM\MFC_COM\MFC_COM\DEBUG\MFC_COMDOC.OBJ
E:\C_PROJECT\MFC_COM\MFC_COM-2015-1-28\MFC_COM\MFC_COM\MFC_COM\DEBUG\MFC_COMVIEW.OBJ
E:\C_PROJECT\MFC_COM\MFC_COM-2015-1-28\MFC_COM\MFC_COM\MFC_COM\DEBUG\MSCOMM1.OBJ
E:\C_PROJECT\mfc_com\mfc_com-2015-1-28\mfc_com\mfc_com\mfc_com\Debug\mt.command.1.tlog
E:\C_PROJECT\mfc_com\mfc_com-2015-1-28\mfc_com\mfc_com\mfc_com\Debug\mt.read.1.tlog
E:\C_PROJECT\mfc_com\mfc_com-2015-1-28\mfc_com\mfc_com\mfc_com\Debug\mt.write.1.tlog
E:\C_PROJECT\MFC_COM\MFC_COM-2015-1-28\MFC_COM\MFC_COM\MFC_COM\DEBUG\OPENGL.OBJ
E:\C_PROJECT\MFC_COM\MFC_COM-2015-1-28\MFC_COM\MFC_COM\MFC_COM\DEBUG\OUTPUTWND.OBJ
E:\C_PROJECT\MFC_COM\MFC_COM-2015-1-28\MFC_COM\MFC_COM\MFC_COM\DEBUG\PROPERTIESWND.OBJ
E:\C_PROJECT\mfc_com\mfc_com-2015-1-28\mfc_com\mfc_com\mfc_com\Debug\rc.command.1.tlog
E:\C_PROJECT\mfc_com\mfc_com-2015-1-28\mfc_com\mfc_com\mfc_com\Debug\rc.read.1.tlog
E:\C_PROJECT\mfc_com\mfc_com-2015-1-28\mfc_com\mfc_com\mfc_com\Debug\rc.write.1.tlog
E:\C_PROJECT\MFC_COM\MFC_COM-2015-1-28\MFC_COM\MFC_COM\MFC_COM\DEBUG\STDAFX.OBJ
E:\C_PROJECT\mfc_com\mfc_com-2015-1-28\mfc_com\mfc_com\mfc_com\Debug\vc100.idb
E:\C_PROJECT\MFC_COM\MFC_COM-2015-1-28\MFC_COM\MFC_COM\MFC_COM\DEBUG\VC100.PDB
E:\C_PROJECT\MFC_COM\MFC_COM-2015-1-28\MFC_COM\MFC_COM\MFC_COM\DEBUG\VIEWTREE.OBJ
